[debug] [2019-04-11T03:34:02.912Z] ----------------------------------------------------------------------
[debug] [2019-04-11T03:34:02.914Z] Command:       /usr/local/bin/node /usr/local/bin/firebase deploy --only functions
[debug] [2019-04-11T03:34:02.914Z] CLI Version:   6.3.0
[debug] [2019-04-11T03:34:02.915Z] Platform:      darwin
[debug] [2019-04-11T03:34:02.915Z] Node Version:  v8.9.3
[debug] [2019-04-11T03:34:02.915Z] Time:          Wed Apr 10 2019 22:34:02 GMT-0500 (CDT)
[debug] [2019-04-11T03:34:02.915Z] ----------------------------------------------------------------------
[debug] 
[debug] [2019-04-11T03:34:02.931Z] > command requires scopes: ["email","openid","https://www.googleapis.com/auth/cloudplatformprojects.readonly","https://www.googleapis.com/auth/firebase","https://www.googleapis.com/auth/cloud-platform"]
[debug] [2019-04-11T03:34:02.932Z] > authorizing via signed-in user
[debug] [2019-04-11T03:34:02.932Z] [iam] checking project game-of-deaths for permissions ["cloudfunctions.functions.create","cloudfunctions.functions.delete","cloudfunctions.functions.get","cloudfunctions.functions.list","cloudfunctions.functions.update","cloudfunctions.operations.get","firebase.projects.get"]
[debug] [2019-04-11T03:34:02.936Z] >>> HTTP REQUEST POST https://cloudresourcemanager.googleapis.com/v1/projects/game-of-deaths:testIamPermissions  

[debug] [2019-04-11T03:34:03.528Z] <<< HTTP RESPONSE 200
[info] 
[info] === Deploying to 'game-of-deaths'...
[info] 
[info] i  deploying functions
[debug] [2019-04-11T03:34:06.814Z] > [functions] package.json contents: {
  "name": "functions",
  "description": "Cloud Functions for Firebase",
  "scripts": {
    "serve": "firebase serve --only functions",
    "shell": "firebase functions:shell",
    "start": "npm run shell",
    "deploy": "firebase deploy --only functions",
    "logs": "firebase functions:log"
  },
  "dependencies": {
    "firebase-admin": "~6.0.0",
    "firebase-functions": "^2.1.0"
  },
  "private": true
}
[info] i  functions: ensuring necessary APIs are enabled...
[debug] [2019-04-11T03:34:06.816Z] >>> HTTP REQUEST GET https://servicemanagement.googleapis.com/v1/services/cloudfunctions.googleapis.com/projectSettings/game-of-deaths?view=CONSUMER_VIEW  
 
[debug] [2019-04-11T03:34:06.817Z] >>> HTTP REQUEST GET https://servicemanagement.googleapis.com/v1/services/runtimeconfig.googleapis.com/projectSettings/game-of-deaths?view=CONSUMER_VIEW  
 
[debug] [2019-04-11T03:34:07.738Z] <<< HTTP RESPONSE 200
[debug] [2019-04-11T03:34:07.784Z] <<< HTTP RESPONSE 200
[info] ✔  functions: all necessary APIs are enabled
[debug] [2019-04-11T03:34:07.788Z] >>> HTTP REQUEST GET https://cloudresourcemanager.googleapis.com/v1/projects/game-of-deaths  
 
[debug] [2019-04-11T03:34:08.237Z] <<< HTTP RESPONSE 200
[debug] [2019-04-11T03:34:08.238Z] >>> HTTP REQUEST GET https://mobilesdk-pa.googleapis.com/v1/projects/422575326716:getServerAppConfig  
 
[debug] [2019-04-11T03:34:08.540Z] <<< HTTP RESPONSE 200
[info] i  functions: preparing functions directory for uploading...
[debug] [2019-04-11T03:34:08.543Z] >>> HTTP REQUEST GET https://runtimeconfig.googleapis.com/v1beta1/projects/game-of-deaths/configs  
 
[debug] [2019-04-11T03:34:09.239Z] <<< HTTP RESPONSE 200
[info] i  functions: packaged functions (42.91 KB) for uploading
[debug] [2019-04-11T03:34:09.524Z] >>> HTTP REQUEST POST https://cloudfunctions.googleapis.com/v1/projects/game-of-deaths/locations/us-central1/functions:generateUploadUrl  
 
